........................................................................ [ 45%]
........................................................................ [ 91%]
.............
ERROR: Coverage failure: total of 76 is less than fail-under=100
                                                                         [100%]
================================ tests coverage ================================
______________ coverage: platform darwin, python 3.11.16-final-0 _______________

Name                      Stmts   Miss Branch BrPart  Cover
-----------------------------------------------------------
src/rag/__init__.py           0      0      0      0   100%
src/rag/__main__.py           3      3      0      0     0%
src/rag/cache.py             42      4      6      0    92%
src/rag/calibrate.py         66     35     30      8    47%
src/rag/chunk.py            340     30    162     33    87%
src/rag/cli.py              163     98     50      4    34%
src/rag/embed.py             68     30     24      1    55%
src/rag/evaluate.py         379     84    180     37    73%
src/rag/gates.py            103     10     40      2    89%
src/rag/generate.py          60     31     14      1    43%
src/rag/health.py            50      1     10      2    95%
src/rag/html_parse.py       113     27     66     18    70%
src/rag/layout.py           144     20     62     11    84%
src/rag/models.py           117      1      2      1    98%
src/rag/normalize.py         30      0     14      0   100%
src/rag/ocr.py               64     22     18      2    63%
src/rag/onnx_backend.py      23     23      4      0     0%
src/rag/parse.py            432     50    204     36    85%
src/rag/pipeline.py         180     23     70     15    83%
src/rag/queue.py             27      4      2      0    86%
src/rag/rerank.py            40      5      8      3    83%
src/rag/retrieve.py         233     15    106     14    91%
src/rag/server.py           388    199     84     12    48%
src/rag/store.py            304     53    102     28    80%
src/rag/telemetry.py        203     28     56      7    85%
src/rag/versions.py         230     20     96     18    87%
-----------------------------------------------------------
TOTAL                      3802    816   1410    253    76%
FAIL Required test coverage of 100% not reached. Total coverage: 76.04%
157 passed in 1.74s
EXIT:1
